[    0.000000] Linux version 4.15.0-112-generic (buildd@lcy01-amd64-027) (gcc version 7.5.0 (Ubuntu 7.5.0-3ubuntu1~18.04)) #113-Ubuntu SMP Thu Jul 9 23:41:39 UTC 2020 (Ubuntu 4.15.0-112.113-generic 4.15.18)
[    0.000000] Command line: BOOT_IMAGE=/boot/vmlinuz-4.15.0-112-generic root=LABEL=cloudimg-rootfs ro console=tty1 console=ttyS0
[    0.000000] KERNEL supported cpus:
[    0.000000]   Intel GenuineIntel
[    0.000000]   AMD AuthenticAMD
[    0.000000]   Centaur CentaurHauls
[    0.000000] x86/fpu: Supporting XSAVE feature 0x001: 'x87 floating point registers'
[    0.000000] x86/fpu: Supporting XSAVE feature 0x002: 'SSE registers'
[    0.000000] x86/fpu: Supporting XSAVE feature 0x004: 'AVX registers'
[    0.000000] x86/fpu: xstate_offset[2]:  576, xstate_sizes[2]:  256
[    0.000000] x86/fpu: Enabled xstate features 0x7, context size is 832 bytes, using 'standard' format.
[    0.000000] e820: BIOS-provided physical RAM map:
[    0.000000] BIOS-e820: [mem 0x0000000000000000-0x000000000009fbff] usable
[    0.000000] BIOS-e820: [mem 0x000000000009fc00-0x000000000009ffff] reserved
[    0.000000] BIOS-e820: [mem 0x00000000000f0000-0x00000000000fffff] reserved
[    0.000000] BIOS-e820: [mem 0x0000000000100000-0x000000007ffeffff] usable
[    0.000000] BIOS-e820: [mem 0x000000007fff0000-0x000000007fffffff] ACPI data
[    0.000000] BIOS-e820: [mem 0x00000000fec00000-0x00000000fec00fff] reserved
[    0.000000] BIOS-e820: [mem 0x00000000fee00000-0x00000000fee00fff] reserved
[    0.000000] BIOS-e820: [mem 0x00000000fffc0000-0x00000000ffffffff] reserved
[    0.000000] NX (Execute Disable) protection: active
[    0.000000] SMBIOS 2.5 present.
[    0.000000] DMI: innotek GmbH VirtualBox/VirtualBox, BIOS VirtualBox 12/01/2006
[    0.000000] Hypervisor detected: KVM
[    0.000000] e820: last_pfn = 0x7fff0 max_arch_pfn = 0x400000000
[    0.000000] MTRR: Disabled
[    0.000000] x86/PAT: MTRRs disabled, skipping PAT initialization too.
[    0.000000] CPU MTRRs all blank - virtualized system.
[    0.000000] x86/PAT: Configuration [0-7]: WB  WT  UC- UC  WB  WT  UC- UC  
[    0.000000] found SMP MP-table at [mem 0x0009fff0-0x0009ffff]
[    0.000000] Scanning 1 areas for low memory corruption
[    0.000000] RAMDISK: [mem 0x35a6b000-0x36d2cfff]
[    0.000000] ACPI: Early table checksum verification disabled
[    0.000000] ACPI: RSDP 0x00000000000E0000 000024 (v02 VBOX  )
[    0.000000] ACPI: XSDT 0x000000007FFF0030 00003C (v01 VBOX   VBOXXSDT 00000001 ASL  00000061)
[    0.000000] ACPI: FACP 0x000000007FFF00F0 0000F4 (v04 VBOX   VBOXFACP 00000001 ASL  00000061)
[    0.000000] ACPI: DSDT 0x000000007FFF0470 002325 (v02 VBOX   VBOXBIOS 00000002 INTL 20120111)
[    0.000000] ACPI: FACS 0x000000007FFF0200 000040
[    0.000000] ACPI: FACS 0x000000007FFF0200 000040
[    0.000000] ACPI: APIC 0x000000007FFF0240 000054 (v02 VBOX   VBOXAPIC 00000001 ASL  00000061)
[    0.000000] ACPI: SSDT 0x000000007FFF02A0 0001CC (v01 VBOX   VBOXCPUT 00000002 INTL 20120111)
[    0.000000] No NUMA configuration found
[    0.000000] Faking a node at [mem 0x0000000000000000-0x000000007ffeffff]
[    0.000000] NODE_DATA(0) allocated [mem 0x7ffc5000-0x7ffeffff]
[    0.000000] kvm-clock: cpu 0, msr 0:7ff44001, primary cpu clock
[    0.000000] kvm-clock: Using msrs 4b564d01 and 4b564d00
[    0.000000] kvm-clock: using sched offset of 6042332175 cycles
[    0.000000] clocksource: kvm-clock: mask: 0xffffffffffffffff max_cycles: 0x1cd42e4dffb, max_idle_ns: 881590591483 ns
[    0.000000] Zone ranges:
[    0.000000]   DMA      [mem 0x0000000000001000-0x0000000000ffffff]
[    0.000000]   DMA32    [mem 0x0000000001000000-0x000000007ffeffff]
[    0.000000]   Normal   empty
[    0.000000]   Device   empty
[    0.000000] Movable zone start for each node
[    0.000000] Early memory node ranges
[    0.000000]   node   0: [mem 0x0000000000001000-0x000000000009efff]
[    0.000000]   node   0: [mem 0x0000000000100000-0x000000007ffeffff]
[    0.000000] Reserved but unavailable: 98 pages
[    0.000000] Initmem setup node 0 [mem 0x0000000000001000-0x000000007ffeffff]
[    0.000000] ACPI: PM-Timer IO Port: 0x4008
[    0.000000] IOAPIC[0]: apic_id 1, version 32, address 0xfec00000, GSI 0-23
[    0.000000] ACPI: INT_SRC_OVR (bus 0 bus_irq 0 global_irq 2 dfl dfl)
[    0.000000] ACPI: INT_SRC_OVR (bus 0 bus_irq 9 global_irq 9 low level)
[    0.000000] Using ACPI (MADT) for SMP configuration information
[    0.000000] smpboot: Allowing 1 CPUs, 0 hotplug CPUs
[    0.000000] PM: Registered nosave memory: [mem 0x00000000-0x00000fff]
[    0.000000] PM: Registered nosave memory: [mem 0x0009f000-0x0009ffff]
[    0.000000] PM: Registered nosave memory: [mem 0x000a0000-0x000effff]
[    0.000000] PM: Registered nosave memory: [mem 0x000f0000-0x000fffff]
[    0.000000] e820: [mem 0x80000000-0xfebfffff] available for PCI devices
[    0.000000] Booting paravirtualized kernel on KVM
[    0.000000] clocksource: refined-jiffies: mask: 0xffffffff max_cycles: 0xffffffff, max_idle_ns: 7645519600211568 ns
[    0.000000] random: get_random_bytes called from start_kernel+0x99/0x500 with crng_init=0
[    0.000000] setup_percpu: NR_CPUS:8192 nr_cpumask_bits:1 nr_cpu_ids:1 nr_node_ids:1
[    0.000000] percpu: Embedded 45 pages/cpu s147456 r8192 d28672 u2097152
[    0.000000] PV qspinlock hash table entries: 256 (order: 0, 4096 bytes)
[    0.000000] Built 1 zonelists, mobility grouping on.  Total pages: 515961
[    0.000000] Policy zone: DMA32
[    0.000000] Kernel command line: BOOT_IMAGE=/boot/vmlinuz-4.15.0-112-generic root=LABEL=cloudimg-rootfs ro console=tty1 console=ttyS0
[    0.000000] Memory: 2015416K/2096696K available (12300K kernel code, 2481K rwdata, 4272K rodata, 2436K init, 2720K bss, 81280K reserved, 0K cma-reserved)
[    0.000000] SLUB: HWalign=64, Order=0-3, MinObjects=0, CPUs=1, Nodes=1
[    0.000000] Kernel/User page tables isolation: enabled
[    0.000000] ftrace: allocating 39378 entries in 154 pages
[    0.004000] Hierarchical RCU implementation.
[    0.004000] 	RCU restricting CPUs from NR_CPUS=8192 to nr_cpu_ids=1.
[    0.004000] 	Tasks RCU enabled.
[    0.004000] RCU: Adjusting geometry for rcu_fanout_leaf=16, nr_cpu_ids=1
[    0.004000] NR_IRQS: 524544, nr_irqs: 256, preallocated irqs: 16
[    0.004000] Console: colour VGA+ 80x25
[    0.004000] console [tty1] enabled
[    0.004000] console [ttyS0] enabled
[    0.004000] ACPI: Core revision 20170831
[    0.004000] ACPI: 2 ACPI AML tables successfully acquired and loaded
[    0.004000] APIC: Switch to symmetric I/O mode setup
[    0.004000] x2apic enabled
[    0.004007] Switched APIC routing to physical x2apic.
[    0.008000] ..TIMER: vector=0x30 apic1=0 pin1=2 apic2=-1 pin2=-1
[    0.008074] tsc: Detected 2903.998 MHz processor
[    0.010368] Calibrating delay loop (skipped) preset value.. 5807.99 BogoMIPS (lpj=11615992)
[    0.012034] pid_max: default: 32768 minimum: 301
[    0.016036] Security Framework initialized
[    0.020003] Yama: becoming mindful.
[    0.022039] AppArmor: AppArmor initialized
[    0.025785] Dentry cache hash table entries: 262144 (order: 9, 2097152 bytes)
[    0.029354] Inode-cache hash table entries: 131072 (order: 8, 1048576 bytes)
[    0.032024] Mount-cache hash table entries: 4096 (order: 3, 32768 bytes)
[    0.036015] Mountpoint-cache hash table entries: 4096 (order: 3, 32768 bytes)
[    0.038551] process: using mwait in idle threads
[    0.040006] Last level iTLB entries: 4KB 64, 2MB 8, 4MB 8
[    0.041684] Last level dTLB entries: 4KB 64, 2MB 0, 4MB 0, 1GB 4
[    0.044003] Spectre V1 : Mitigation: usercopy/swapgs barriers and __user pointer sanitization
[    0.048004] Spectre V2 : Mitigation: Full generic retpoline
[    0.050626] Spectre V2 : Spectre v2 / SpectreRSB mitigation: Filling RSB on context switch
[    0.052003] Speculative Store Bypass: Vulnerable
[    0.056042] SRBDS: Unknown: Dependent on hypervisor status
[    0.060003] MDS: Mitigation: Clear CPU buffers
[    0.079396] Freeing SMP alternatives memory: 36K
[    0.192988] smpboot: CPU0: Intel(R) Core(TM) i7-7820HQ CPU @ 2.90GHz (family: 0x6, model: 0x9e, stepping: 0x9)
[    0.196093] Performance Events: unsupported p6 CPU model 158 no PMU driver, software events only.
[    0.200176] Hierarchical SRCU implementation.
[    0.204662] NMI watchdog: Perf event create on CPU 0 failed with -2
[    0.208003] NMI watchdog: Perf NMI watchdog permanently disabled
[    0.212057] smp: Bringing up secondary CPUs ...
[    0.214645] smp: Brought up 1 node, 1 CPU
[    0.216006] smpboot: Max logical packages: 1
[    0.218175] smpboot: Total of 1 processors activated (5807.99 BogoMIPS)
[    0.224113] devtmpfs: initialized
[    0.226275] x86/mm: Memory block size: 128MB
[    0.228447] evm: security.selinux
[    0.230291] evm: security.SMACK64
[    0.232080] evm: security.SMACK64EXEC
[    0.233911] evm: security.SMACK64TRANSMUTE
[    0.236006] evm: security.SMACK64MMAP
[    0.238035] evm: security.apparmor
[    0.240003] evm: security.ima
[    0.241269] evm: security.capability
[    0.244281] clocksource: jiffies: mask: 0xffffffff max_cycles: 0xffffffff, max_idle_ns: 7645041785100000 ns
[    0.248025] futex hash table entries: 256 (order: 2, 16384 bytes)
[    0.252076] pinctrl core: initialized pinctrl subsystem
[    0.256743] RTC time: 17:31:29, date: 06/07/21
[    0.258713] NET: Registered protocol family 16
[    0.260142] audit: initializing netlink subsys (disabled)
[    0.264428] cpuidle: using governor ladder
[    0.266039] cpuidle: using governor menu
[    0.268013] audit: type=2000 audit(1623087096.840:1): state=initialized audit_enabled=0 res=1
[    0.272076] ACPI: bus type PCI registered
[    0.276004] acpiphp: ACPI Hot Plug PCI Controller Driver version: 0.5
[    0.279591] PCI: Using configuration type 1 for base access
[    0.285580] HugeTLB registered 2.00 MiB page size, pre-allocated 0 pages
[    0.288803] ACPI: Added _OSI(Module Device)
[    0.290296] ACPI: Added _OSI(Processor Device)
[    0.292010] ACPI: Added _OSI(3.0 _SCP Extensions)
[    0.296007] ACPI: Added _OSI(Processor Aggregator Device)
[    0.298278] ACPI: Added _OSI(Linux-Dell-Video)
[    0.300108] ACPI: Added _OSI(Linux-Lenovo-NV-HDMI-Audio)
[    0.302917] ACPI: Added _OSI(Linux-HPI-Hybrid-Graphics)
[    0.309018] ACPI: Executed 1 blocks of module-level executable AML code
[    0.319773] ACPI: Interpreter enabled
[    0.320017] ACPI: (supports S0 S5)
[    0.321755] ACPI: Using IOAPIC for interrupt routing
[    0.324846] PCI: Using host bridge windows from ACPI; if necessary, use "pci=nocrs" and report a bug
[    0.328223] ACPI: Enabled 2 GPEs in block 00 to 07
[    0.341586] ACPI: PCI Root Bridge [PCI0] (domain 0000 [bus 00-ff])
[    0.344014] acpi PNP0A03:00: _OSC: OS supports [ASPM ClockPM Segments MSI]
[    0.350010] acpi PNP0A03:00: _OSC: not requesting OS control; OS requires [ExtendedConfig ASPM ClockPM MSI]
[    0.352028] acpi PNP0A03:00: fail to add MMCONFIG information, can't access extended PCI configuration space under this bridge.
[    0.357343] PCI host bridge to bus 0000:00
[    0.360008] pci_bus 0000:00: root bus resource [io  0x0000-0x0cf7 window]
[    0.364006] pci_bus 0000:00: root bus resource [io  0x0d00-0xffff window]
[    0.368008] pci_bus 0000:00: root bus resource [mem 0x000a0000-0x000bffff window]
[    0.372010] pci_bus 0000:00: root bus resource [mem 0x80000000-0xfdffffff window]
[    0.376007] pci_bus 0000:00: root bus resource [bus 00-ff]
[    0.385241] pci 0000:00:01.1: legacy IDE quirk: reg 0x10: [io  0x01f0-0x01f7]
[    0.388006] pci 0000:00:01.1: legacy IDE quirk: reg 0x14: [io  0x03f6]
[    0.392005] pci 0000:00:01.1: legacy IDE quirk: reg 0x18: [io  0x0170-0x0177]
[    0.396004] pci 0000:00:01.1: legacy IDE quirk: reg 0x1c: [io  0x0376]
[    0.417579] pci 0000:00:07.0: quirk: [io  0x4000-0x403f] claimed by PIIX4 ACPI
[    0.420038] pci 0000:00:07.0: quirk: [io  0x4100-0x410f] claimed by PIIX4 SMB
[    0.443110] ACPI: PCI Interrupt Link [LNKA] (IRQs 5 9 10 *11)
[    0.444408] ACPI: PCI Interrupt Link [LNKB] (IRQs 5 9 *10 11)
[    0.448466] ACPI: PCI Interrupt Link [LNKC] (IRQs 5 *9 10 11)
[    0.452450] ACPI: PCI Interrupt Link [LNKD] (IRQs 5 9 10 *11)
[    0.456550] SCSI subsystem initialized
[    0.460234] pci 0000:00:02.0: vgaarb: setting as boot VGA device
[    0.462423] pci 0000:00:02.0: vgaarb: VGA device added: decodes=io+mem,owns=io+mem,locks=none
[    0.464009] pci 0000:00:02.0: vgaarb: bridge control possible
[    0.466249] vgaarb: loaded
[    0.468306] ACPI: bus type USB registered
[    0.470225] usbcore: registered new interface driver usbfs
[    0.472017] usbcore: registered new interface driver hub
[    0.473636] usbcore: registered new device driver usb
[    0.476132] EDAC MC: Ver: 3.0.0
[    0.478937] PCI: Using ACPI for IRQ routing
[    0.480757] NetLabel: Initializing
[    0.481887] NetLabel:  domain hash size = 128
[    0.483415] NetLabel:  protocols = UNLABELED CIPSOv4 CALIPSO
[    0.484160] NetLabel:  unlabeled traffic allowed by default
[    0.486095] clocksource: Switched to clocksource kvm-clock
[    0.501385] VFS: Disk quotas dquot_6.6.0
[    0.503627] VFS: Dquot-cache hash table entries: 512 (order 0, 4096 bytes)
[    0.507770] AppArmor: AppArmor Filesystem Enabled
[    0.510014] pnp: PnP ACPI init
[    0.513109] pnp: PnP ACPI: found 3 devices
[    0.522328] clocksource: acpi_pm: mask: 0xffffff max_cycles: 0xffffff, max_idle_ns: 2085701024 ns
[    0.527439] NET: Registered protocol family 2
[    0.529807] TCP established hash table entries: 16384 (order: 5, 131072 bytes)
[    0.533498] TCP bind hash table entries: 16384 (order: 6, 262144 bytes)
[    0.536040] TCP: Hash tables configured (established 16384 bind 16384)
[    0.538545] UDP hash table entries: 1024 (order: 3, 32768 bytes)
[    0.541323] UDP-Lite hash table entries: 1024 (order: 3, 32768 bytes)
[    0.546842] NET: Registered protocol family 1
[    0.548928] pci 0000:00:00.0: Limiting direct PCI/PCI transfers
[    0.551910] pci 0000:00:01.0: Activating ISA DMA hang workarounds
[    0.554248] pci 0000:00:02.0: Video device with shadowed ROM at [mem 0x000c0000-0x000dffff]
[    0.557736] Unpacking initramfs...
[    0.876931] Freeing initrd memory: 19208K
[    0.878673] clocksource: tsc: mask: 0xffffffffffffffff max_cycles: 0x29dc03c1beb, max_idle_ns: 440795205215 ns
[    0.886837] platform rtc_cmos: registered platform RTC device (no PNP device found)
[    0.891623] Scanning for low memory corruption every 60 seconds
[    0.895646] Initialise system trusted keyrings
[    0.898766] Key type blacklist registered
[    0.901288] workingset: timestamp_bits=36 max_order=19 bucket_order=0
[    0.906854] zbud: loaded
[    0.908608] squashfs: version 4.0 (2009/01/31) Phillip Lougher
[    0.911228] fuse init (API version 7.26)
[    0.914037] Key type asymmetric registered
[    0.916903] Asymmetric key parser 'x509' registered
[    0.920310] Block layer SCSI generic (bsg) driver version 0.4 loaded (major 246)
[    0.925155] io scheduler noop registered
[    0.927461] io scheduler deadline registered
[    0.930063] io scheduler cfq registered (default)
[    0.934898] ACPI: AC Adapter [AC] (on-line)
[    0.937341] input: Power Button as /devices/LNXSYSTM:00/LNXPWRBN:00/input/input0
[    0.942086] ACPI: Power Button [PWRF]
[    0.944882] input: Sleep Button as /devices/LNXSYSTM:00/LNXSLPBN:00/input/input1
[    0.950128] ACPI: Sleep Button [SLPF]
[    0.954243] ACPI: Battery Slot [BAT0] (battery present)
[    0.958304] Serial: 8250/16550 driver, 32 ports, IRQ sharing enabled
[    0.984034] 00:02: ttyS0 at I/O 0x3f8 (irq = 4, base_baud = 115200) is a 16550A
[    0.989686] Linux agpgart interface v0.103
[    0.992135] loop: module loaded
[    0.994195] scsi host0: ata_piix
[    0.996236] scsi host1: ata_piix
[    0.997710] ata1: PATA max UDMA/33 cmd 0x1f0 ctl 0x3f6 bmdma 0xd000 irq 14
[    1.001637] ata2: PATA max UDMA/33 cmd 0x170 ctl 0x376 bmdma 0xd008 irq 15
[    1.006799] libphy: Fixed MDIO Bus: probed
[    1.008464] tun: Universal TUN/TAP device driver, 1.6
[    1.010447] PPP generic driver version 2.4.2
[    1.012798] ehci_hcd: USB 2.0 'Enhanced' Host Controller (EHCI) Driver
[    1.015317] ehci-pci: EHCI PCI platform driver
[    1.016975] ehci-platform: EHCI generic platform driver
[    1.019218] ohci_hcd: USB 1.1 'Open' Host Controller (OHCI) Driver
[    1.022472] ohci-pci: OHCI PCI platform driver
[    1.024825] ohci-platform: OHCI generic platform driver
[    1.026619] uhci_hcd: USB Universal Host Controller Interface driver
[    1.029501] i8042: PNP: PS/2 Controller [PNP0303:PS2K,PNP0f03:PS2M] at 0x60,0x64 irq 1,12
[    1.033360] serio: i8042 KBD port at 0x60,0x64 irq 1
[    1.035525] serio: i8042 AUX port at 0x60,0x64 irq 12
[    1.037546] mousedev: PS/2 mouse device common for all mice
[    1.040137] input: AT Translated Set 2 keyboard as /devices/platform/i8042/serio0/input/input2
[    1.044178] rtc_cmos rtc_cmos: rtc core: registered rtc_cmos as rtc0
[    1.046961] rtc_cmos rtc_cmos: alarms up to one day, 114 bytes nvram
[    1.049553] i2c /dev entries driver
[    1.051430] device-mapper: uevent: version 1.0.3
[    1.053581] device-mapper: ioctl: 4.37.0-ioctl (2017-09-20) initialised: dm-devel@redhat.com
[    1.056063] ledtrig-cpu: registered to indicate activity on CPUs
[    1.057777] intel_pmc_core:  initialized
[    1.058858] NET: Registered protocol family 10
[    1.063145] Segment Routing with IPv6
[    1.064096] NET: Registered protocol family 17
[    1.065351] Key type dns_resolver registered
[    1.066751] mce: Using 0 MCE banks
[    1.068229] RAS: Correctable Errors collector initialized.
[    1.069961] sched_clock: Marking stable (1068124906, 0)->(1382059420, -313934514)
[    1.071954] registered taskstats version 1
[    1.073191] Loading compiled-in X.509 certificates
[    1.076384] Loaded X.509 cert 'Build time autogenerated kernel key: 1d4b83cbc5f7a3cd7e4471a5cf69d65d9314bdf5'
[    1.079195] zswap: loaded using pool lzo/zbud
[    1.083263] Key type big_key registered
[    1.085102] Key type trusted registered
[    1.087735] Key type encrypted registered
[    1.088993] AppArmor: AppArmor sha1 policy hashing enabled
[    1.090544] ima: No TPM chip found, activating TPM-bypass! (rc=-19)
[    1.092933] ima: Allocated hash algorithm: sha1
[    1.094750] evm: HMAC attrs: 0x1
[    1.096155]   Magic number: 9:805:541
[    1.097230] rtc_cmos rtc_cmos: setting system clock to 2021-06-07 17:31:30 UTC (1623087090)
[    1.099827] BIOS EDD facility v0.16 2004-Jun-25, 0 devices found
[    1.102270] EDD information not available.
[    1.197418] Freeing unused kernel image memory: 2436K
[    1.204655] Write protecting the kernel read-only data: 20480k
[    1.207572] Freeing unused kernel image memory: 2008K
[    1.210381] Freeing unused kernel image memory: 1872K
[    1.218115] x86/mm: Checked W+X mappings: passed, no W+X pages found.
[    1.221534] x86/mm: Checking user space page tables
[    1.230560] x86/mm: Checked W+X mappings: passed, no W+X pages found.
Loading, please wait...
starting version 237
[    1.326135] e1000: Intel(R) PRO/1000 Network Driver - version 7.3.21-k8-NAPI
[    1.330376] e1000: Copyright (c) 1999-2006 Intel Corporation.
[    1.340702] Fusion MPT base driver 3.04.20
[    1.342038] Copyright (c) 1999-2008 LSI Corporation
[    1.381089] AVX2 version of gcm_enc/dec engaged.
[    1.383686] AES CTR mode by8 optimization enabled
[    1.399357] Fusion MPT SPI Host driver 3.04.20
[    1.559283] input: ImExPS/2 Generic Explorer Mouse as /devices/platform/i8042/serio1/input/input4
[    1.817377] e1000 0000:00:03.0 eth0: (PCI:33MHz:32-bit) 02:aa:44:4b:9d:42
[    1.820560] e1000 0000:00:03.0 eth0: Intel(R) PRO/1000 Network Connection
[    1.826464] mptbase: ioc0: Initiating bringup
[    1.924601] ioc0: LSI53C1030 A0: Capabilities={Initiator}
[    2.167249] scsi host2: ioc0: LSI53C1030 A0, FwRev=00000000h, Ports=1, MaxQ=256, IRQ=20
[    2.340816] scsi 2:0:0:0: Direct-Access     VBOX     HARDDISK         1.0  PQ: 0 ANSI: 5
[    2.348180] scsi target2:0:0: Beginning Domain Validation
[    2.351966] random: fast init done
[    2.354902] scsi target2:0:0: Domain Validation skipping write tests
[    2.357945] scsi target2:0:0: Ending Domain Validation
[    2.361753] scsi target2:0:0: asynchronous
[    2.364996] scsi 2:0:1:0: Direct-Access     VBOX     HARDDISK         1.0  PQ: 0 ANSI: 5
[    2.369987] scsi target2:0:1: Beginning Domain Validation
[    2.376014] scsi target2:0:1: Domain Validation skipping write tests
[    2.379062] scsi target2:0:1: Ending Domain Validation
[    2.391914] scsi target2:0:1: asynchronous
[    2.489625] sd 2:0:0:0: Attached scsi generic sg0 type 0
[    2.491937] sd 2:0:0:0: [sda] 20971520 512-byte logical blocks: (10.7 GB/10.0 GiB)
[    2.499404] sd 2:0:1:0: Attached scsi generic sg1 type 0
[    2.504084] sd 2:0:1:0: [sdb] 20480 512-byte logical blocks: (10.5 MB/10.0 MiB)
[    2.509357] random: systemd-udevd: uninitialized urandom read (16 bytes read)
[    2.513618] sd 2:0:1:0: [sdb] Write Protect is off
[    2.516401] sd 2:0:0:0: [sda] Write Protect is off
[    2.526182] random: systemd-udevd: uninitialized urandom read (16 bytes read)
[    2.529926] sd 2:0:1:0: [sdb] Incomplete mode parameter data
[    2.533736] sd 2:0:1:0: [sdb] Assuming drive cache: write through
[    2.537836] sd 2:0:0:0: [sda] Incomplete mode parameter data
[    2.541119] sd 2:0:0:0: [sda] Assuming drive cache: write through
[    2.544307] random: systemd-udevd: uninitialized urandom read (16 bytes read)
[    2.564547]  sda: sda1
[    2.573736] sd 2:0:0:0: [sda] Attached SCSI disk
[    2.576196] sd 2:0:1:0: [sdb] Attached SCSI disk
[    2.850125] e1000 0000:00:08.0 eth1: (PCI:33MHz:32-bit) 08:00:27:23:31:c7
[    2.854760] e1000 0000:00:08.0 eth1: Intel(R) PRO/1000 Network Connection
[    2.862560] e1000 0000:00:08.0 enp0s8: renamed from eth1
[    2.874051] e1000 0000:00:03.0 enp0s3: renamed from eth0
Begin: Loading essential drivers ... [    4.264947] raid6: sse2x1   gen() 12054 MB/s
[    4.312190] raid6: sse2x1   xor()  8683 MB/s
[    4.364144] raid6: sse2x2   gen() 15998 MB/s
[    4.413532] raid6: sse2x2   xor()  9721 MB/s
[    4.460056] raid6: sse2x4   gen() 14734 MB/s
[    4.508087] raid6: sse2x4   xor()  9779 MB/s
[    4.556069] raid6: avx2x1   gen() 22312 MB/s
[    4.604103] raid6: avx2x1   xor() 14955 MB/s
[    4.652077] raid6: avx2x2   gen() 25057 MB/s
[    4.700079] raid6: avx2x2   xor() 16538 MB/s
[    4.748066] raid6: avx2x4   gen() 31574 MB/s
[    4.796829] raid6: avx2x4   xor() 21294 MB/s
[    4.799476] raid6: using algorithm avx2x4 gen() 31574 MB/s
[    4.804087] raid6: .... xor() 21294 MB/s, rmw enabled
[    4.808378] raid6: using avx2x2 recovery algorithm
[    4.813402] xor: automatically using best checksumming function   avx       
[    4.817916] async_tx: api initialized (async)
done.
Begin: Running /scripts/init-premount ... done.
Begin: Mounting root file system ... Begin: Running /scripts/local-top ... done.
Begin: Running /scripts/local-premount ... [    4.867968] Btrfs loaded, crc32c=crc32c-intel
Scanning for Btrfs filesystems
done.
Warning: fsck not present, so skipping root file system
[    4.916387] EXT4-fs (sda1): mounted filesystem with ordered data mode. Opts: (null)
done.
Begin: Running /scripts/local-bottom ... done.
Begin: Running /scripts/init-bottom ... done.
[    5.093781] ip_tables: (C) 2000-2006 Netfilter Core Team
[    5.111894] systemd[1]: systemd 237 running in system mode. (+PAM +AUDIT +SELINUX +IMA +APPARMOR +SMACK +SYSVINIT +UTMP +LIBCRYPTSETUP +GCRYPT +GNUTLS +ACL +XZ +LZ4 +SECCOMP +BLKID +ELFUTILS +KMOD -IDN2 +IDN -PCRE2 default-hierarchy=hybrid)
[    5.126705] systemd[1]: Detected virtualization oracle.
[    5.130015] systemd[1]: Detected architecture x86-64.

Welcome to [1mUbuntu 18.04.5 LTS[0m!

[    5.138109] systemd[1]: Set hostname to <ubuntu>.
[    5.149571] systemd[1]: Initializing machine ID from random generator.
[    5.153503] systemd[1]: Installed transient /etc/machine-id file.
[    5.430732] systemd[1]: Reached target System Time Synchronized.
[[0;32m  OK  [0m] Reached target System Time Synchronized.
[    5.437295] systemd[1]: Created slice System Slice.
[[0;32m  OK  [0m] Created slice System Slice.
[    5.443313] systemd[1]: Listening on Network Service Netlink Socket.
[[0;32m  OK  [0m] Listening on Network Service Netlink Socket.
[    5.461394] systemd[1]: Listening on /dev/initctl Compatibility Named Pipe.
[[0;32m  OK  [0m] Listening on /dev/initctl Compatibility Named Pipe.
[[0;32m  OK  [0m] Listening on Device-mapper event daemon FIFOs.
[[0;32m  OK  [0m] Reached target Swap.
[[0;32m  OK  [0m] Started Forward Password Requests to Wall Directory Watch.
[[0;32m  OK  [0m] Listening on Syslog Socket.
[[0;32m  OK  [0m] Listening on LVM2 poll daemon socket.
[[0;32m  OK  [0m] Created slice system-serial\x2dgetty.slice.
[[0;32m  OK  [0m] Created slice User and Session Slice.
[[0;32m  OK  [0m] Reached target Slices.
[[0;32m  OK  [0m] Listening on udev Kernel Socket.
[[0;32m  OK  [0m] Reached target User and Group Name Lookups.
[[0;32m  OK  [0m] Listening on Journal Socket.
         Mounting POSIX Message Queue File System...
         Starting Load Kernel Modules...
         Starting Remount Root and Kernel File Systems...
[    5.546219] Loading iSCSI transport class v2.0-870.
         Mounting Huge Pages File System...
         Mounting Kernel Debug File System...
[    5.566022] iscsi: registered transport (tcp)
         Starting Set the console keyboard layout...
[[    5.573804] EXT4-fs (sda1): re-mounted. Opts: (null)
[0;32m  OK  [0m] Set up automount Arbitrary Executab…rmats File System Automount Point.
[    5.602359] iscsi: registered transport (iser)
[[0;32m  OK  [0m] Listening on udev Control Socket.
         Starting udev Coldplug all Devices...
[[0;32m  OK  [0m] Listening on LVM2 metadata daemon socket.
         Starting Monitoring of LVM2 mirrors…ng dmeventd or progress polling...
[[0;32m  OK  [0m] Listening on Journal Audit Socket.
         Starting Create list of required st…ce nodes for the current kernel...
[[0;32m  OK  [0m] Listening on Journal Socket (/dev/log).
         Starting Journal Service...
         Starting Uncomplicated firewall...
[[0;32m  OK  [0m] Mounted POSIX Message Queue File System.
[[0;32m  OK  [0m] Started Load Kernel Modules.
[[0;32m  OK  [0m] Started Remount Root and Kernel File Systems.
[[0;32m  OK  [0m] Mounted Huge Pages File System.
[[0;32m  OK  [0m] Mounted Kernel Debug File System.
         Starting Load/Save Random Seed...
         Mounting FUSE Control File System...
         Mounting Kernel Configuration File System...
         Starting Apply Kernel Variables...
[[0;32m  OK  [0m] Started Uncomplicated firewall.
[[0;32m  OK  [0m] Mounted FUSE Control File System.
[[0;32m  OK  [0m] Mounted Kernel Configuration File System.
[[0;32m  OK  [0m] Started Create list of required sta…vice nodes for the current kernel.
         Starting Create Static Device Nodes in /dev...
[[0;32m  OK  [0m] Started LVM2 metadata daemon.
[[0;32m  OK  [0m] Started Journal Service.
         Starting Flush Journal to Persistent Storage...
[[0;32m  OK  [0m] Started Create Static Device Nodes in /dev.
         Starting udev Kernel Device Manager...
[[0;32m  OK  [0m] Started Load/Save Random Seed.
[[0;32m  OK  [0m] Started Apply Kernel Variables.
[[0;32m  OK  [0m] Started udev Coldplug all Devices.
[[0;32m  OK  [0m] Started Monitoring of LVM2 mirrors,…sing dmeventd or progress polling.
[[0;32m  OK  [0m] Started udev Kernel Device Manager.
[[0;32m  OK  [0m] Started Flush Journal to Persistent Storage.
[[0;32m  OK  [0m] Found device /dev/ttyS0.
[[0;32m  OK  [0m] Listening on Load/Save RF Kill Switch Status /dev/rfkill Watch.
[[0;32m  OK  [0m] Started Set the console keyboard layout.
[[0;32m  OK  [0m] Started Dispatch Password Requests to Console Directory Watch.
[[0;32m  OK  [0m] Reached target Local Encrypted Volumes.
[[0;32m  OK  [0m] Reached target Local File Systems (Pre).
[[0;32m  OK  [0m] Reached target Local File Systems.
         Starting AppArmor initialization...
         Starting Create Volatile Files and Directories...
         Starting Set console font and keymap...
         Starting ebtables ruleset management...
         Starting Tell Plymouth To Write Out Runtime Data...
         Starting Commit a transient machine-id on disk...
[[0;32m  OK  [0m] Started Create Volatile Files and Directories.
         Starting Update UTMP about System Boot/Shutdown...
[[0;32m  OK  [0m] Started Tell Plymouth To Write Out Runtime Data.
[[0;32m  OK  [0m] Started Commit a transient machine-id on disk.
[[0;32m  OK  [0m] Started Update UTMP about System Boot/Shutdown.
[[0;32m  OK  [0m] Started ebtables ruleset management.
[[0;32m  OK  [0m] Started AppArmor initialization.
         Starting Load AppArmor profiles managed internally by snapd...
         Starting Initial cloud-init job (pre-networking)...
[[0;32m  OK  [0m] Started Load AppArmor profiles managed internally by snapd.
[[0;32m  OK  [0m] Started Set console font and keymap.
[    9.810309] cloud-init[746]: Cloud-init v. 20.2-45-g5f7825e2-0ubuntu1~18.04.1 running 'init-local' at Mon, 07 Jun 2021 17:31:38 +0000. Up 9.51 seconds.
[[0;32m  OK  [0m] Started Initial cloud-init job (pre-networking).
[[0;32m  OK  [0m] Reached target Network (Pre).
         Starting Network Service...
[[0;32m  OK  [0m] Started Network Service.
         Starting Network Name Resolution...
         Starting Wait for Network to be Configured...
[[0;32m  OK  [0m] Started Network Name Resolution.
[[0;32m  OK  [0m] Reached target Host and Network Name Lookups.
[[0;32m  OK  [0m] Reached target Network.
[[0;32m  OK  [0m] Started Wait for Network to be Configured.
         Starting Initial cloud-init job (metadata service crawler)...
[   12.218387] cloud-init[882]: Cloud-init v. 20.2-45-g5f7825e2-0ubuntu1~18.04.1 running 'init' at Mon, 07 Jun 2021 17:31:41 +0000. Up 12.10 seconds.
[   12.221674] cloud-init[882]: ci-info: ++++++++++++++++++++++++++++++++++++++Net device info+++++++++++++++++++++++++++++++++++++++
[   12.231116] cloud-init[882]: ci-info: +--------+-------+----------------------------+---------------+--------+-------------------+
[   12.234768] cloud-init[882]: ci-info: | Device |   Up  |          Address           |      Mask     | Scope  |     Hw-Address    |
[   12.240592] cloud-init[882]: ci-info: +--------+-------+----------------------------+---------------+--------+-------------------+
[   12.245044] cloud-init[882]: ci-info: | enp0s3 |  True |         10.0.2.15          | 255.255.255.0 | global | 02:aa:44:4b:9d:42 |
[   12.251976] cloud-init[882]: ci-info: | enp0s3 |  True | fe80::aa:44ff:fe4b:9d42/64 |       .       |  link  | 02:aa:44:4b:9d:42 |
[   12.258300] cloud-init[882]: ci-info: | enp0s8 | False |             .              |       .       |   .    | 08:00:27:23:31:c7 |
[   12.263604] cloud-init[882]: ci-info: |   lo   |  True |         127.0.0.1          |   255.0.0.0   |  host  |         .         |
[   12.268288] cloud-init[882]: ci-info: |   lo   |  True |          ::1/128           |       .       |  host  |         .         |
[   12.272170] cloud-init[882]: ci-info: +--------+-------+----------------------------+---------------+--------+-------------------+
[   12.275256] cloud-init[882]: ci-info: ++++++++++++++++++++++++++++Route IPv4 info+++++++++++++++++++++++++++++
[   12.278146] cloud-init[882]: ci-info: +-------+-------------+----------+-----------------+-----------+-------+
[   12.287345] cloud-init[882]: ci-info: | Route | Destination | Gateway  |     Genmask     | Interface | Flags |
[   12.289710] cloud-init[882]: ci-info: +-------+-------------+----------+-----------------+-----------+-------+
[   12.293035] cloud-init[882]: ci-info: |   0   |   0.0.0.0   | 10.0.2.2 |     0.0.0.0     |   enp0s3  |   UG  |
[   12.296208] cloud-init[882]: ci-info: |   1   |   10.0.2.0  | 0.0.0.0  |  255.255.255.0  |   enp0s3  |   U   |
[   12.299661] cloud-init[882]: ci-info: |   2   |   10.0.2.2  | 0.0.0.0  | 255.255.255.255 |   enp0s3  |   UH  |
[   12.302828] cloud-init[882]: ci-info: +-------+-------------+----------+-----------------+-----------+-------+
[   12.312187] cloud-init[882]: ci-info: +++++++++++++++++++Route IPv6 info+++++++++++++++++++
[   12.314242] cloud-init[882]: ci-info: +-------+-------------+---------+-----------+-------+
[   12.320165] cloud-init[882]: ci-info: | Route | Destination | Gateway | Interface | Flags |
[   12.324235] cloud-init[882]: ci-info: +-------+-------------+---------+-----------+-------+
[   12.327211] cloud-init[882]: ci-info: |   1   |  fe80::/64  |    ::   |   enp0s3  |   U   |
[   12.332209] cloud-init[882]: ci-info: |   3   |    local    |    ::   |   enp0s3  |   U   |
[   12.335941] cloud-init[882]: ci-info: |   4   |   ff00::/8  |    ::   |   enp0s3  |   U   |
[   12.337940] cloud-init[882]: ci-info: +-------+-------------+---------+-----------+-------+
[   12.871232] cloud-init[882]: Generating public/private rsa key pair.
[   12.872215] cloud-init[882]: Your identification has been saved in /etc/ssh/ssh_host_rsa_key.
[   12.884236] cloud-init[882]: Your public key has been saved in /etc/ssh/ssh_host_rsa_key.pub.
[   12.885152] cloud-init[882]: The key fingerprint is:
[   12.896229] cloud-init[882]: SHA256:PrX0WFD7AaIykX8fAO4FpfCepqHJ3eok50uZCC+NOY4 root@ubuntu-bionic
[   12.898225] cloud-init[882]: The key's randomart image is:
[   12.900244] cloud-init[882]: +---[RSA 2048]----+
[   12.904205] cloud-init[882]: |      o.ooo o    |
[   12.905773] cloud-init[882]: |      .= +.o o   |
[   12.918146] cloud-init[882]: |      o.= o.. .  |
[   12.928253] cloud-init[882]: |       =.o.... . |
[   12.928837] cloud-init[882]: |  .   . S.o....  |
[[0;32m  OK  [0m] Started Initial cloud-init job (metadata service crawler).
[[0;32m  OK  [0m] Reached target Network is Online.
[   12.949481] cloud-init[882]: |   B = O o =.    |
         Starting Availability of block devices...
[[0;32m  OK  [0m] Reached target Remote File Systems (Pre).
[[0;32m  OK  [0m] Reached target Remote File Systems.
[[0;32m  OK  [0m] Reached target Cloud-config availability.
[[0;32m  OK  [0m] Reached target System Initialization.
[[0;32m  OK  [0m] Started Discard unused blocks once a week.
[[0;32m  OK  [0m] Listening on ACPID Listen Socket.
[   12.967481] cloud-init[[0;32m  OK  [0m] Started ACPI Events Check.
[[0;32m  OK  [0m] Reached target Paths.
[[0;32m  OK  [0m] Started Daily apt download activities.[882]: |  = O O + o .    |
[   12.974537] cloud-init[882]: | o o * . .       |

[[0;32m  OK  [0m] Started Daily apt upgrade and clean activities.
[[0;32m  OK  [0m] Listening on UUID daemon activation socket.
[[0;32m  OK  [0m] Listening on Open-iSCSI iscsid Socket.
[[0;32m  OK  [0m] Started Daily Cleanup of Temporary Directories.
[[0;32m  OK  [0m] Listening on D-Bus System Message Bus Socket.
[[0;32m  OK  [0m] Started Message of the Day.
[[0;32m  OK  [0m] Reached target Timers.
[   12.978683] cloud-init[882]: |E .  .=.         |
[   13.020667] cloud-init[882]: +----[SHA256]-----+
[   13.022541] cloud-init[882]: Generating public/private dsa key pair.
         Starting Socket activation for snappy daemon.
[   13.036298] cloud-init[882]: Your identification has been saved in /etc/ssh/ssh_host_dsa_key.
[   13.040339] cloud-init[882]: Your public key has been saved in /etc/ssh/ssh_host_dsa_key.pub.
         Starting LXD - unix socket.
[[0;32m  OK  [0m] Started Availability of block devices.
[[0;32m  OK  [0m] Listening on Socket activation for snappy daemon.
[[0;32m  OK  [0m] Listening on LXD - unix socket.
[[0;32m  OK  [0m] Reached target Sockets.
[[0;32m  OK  [0m] Reached target Basic System.
[   13.052455] [[0;32m  OK  [0m] Started irqbalance daemon.
cloud-init[882]: The key fingerprint is:
[   13.080432] cloud-init[882]: SHA256:nWoYKazcZNdNlP8Bm9qxwi0elc+hVarwfUyALYoVTL4 root@ubuntu-bionic
[   13.083648] cloud-init[882]: The key's randomart image is:
[   13.086801] cloud-init[882]: +---[DSA 1024]----+
[[0;32m  OK  [0m] Started FUSE filesystem for LXC.
[   13.102389] cloud-init[882]: |         o+o o   |
[   13.110404] cloud-init[882]: |         o+ + o .|
[   13.115324] cloud-init[882]: |         ooo * + |
         Starting Dispatcher daemon for systemd-networkd...
         Starting Login Service...
         Starting LSB: automatic crash report generation...
[   13.137739] cloud-init[882]: |   .   o.+ooB = .|
[   13.145878] cloud-init[882]: |    = + S.EB @ = |
[   13.150816] cloud-init[882]: | . = o o .* B = o|
[   13.164232] cloud-init[882]: |  o . . o. +   . |
         Starting Pollinate to seed the pseudo random number generator...
[   13.179752] cloud-init[882]: |       .  .      |
         Starting LSB: Record successful boot for GRUB...
[[0;32m  OK  [0m] Started Regular background program processing daemon.
         Starting Accounts Service...
         Starting Permit User Sessions...
         Starting Virtualbox guest utils...
[   13.199965] cloud-init[882]: |                 |
[   13.226706] [[0;32m  OK  [0m] Started Deferred execution scheduler.
         Starting System Logging Service...
cloud-init[882]: +----[SHA256]-----+
[   13.244201] cloud-init[882]: Generating public/private ecdsa key pair.
[   13.245307] cloud-init[882]: Your identification has been saved in /etc/ssh/ssh_host_ecdsa_key.
[   13.256212] cloud-init[882]: Your public key has been saved in /etc/ssh/ssh_host_ecdsa_key.pub.
[   13.268272] cloud-init[882]: The key fingerprint is:
         Starting Snap Daemon...
[   13.283526] cloud-init[882]: SHA256:nvVMG6X8ybD3iDMJ+pYoRK3Wa7kbOQbqB2K5MMaHa5E root@ubuntu-bionic
         Starting LXD - container startup/shutdown...[   13.286740] cloud-init[882]: The key's randomart image is:
[   13.287709] cloud-init
[[0;32m  OK  [0m] Started D-Bus System Message Bus.
[882]: +---[ECDSA 256]---+
[   13.313036] cloud-init[882]: |                 |
[   13.315406] cloud-init[882]: |                 |
[   13.317551] cloud-init[882]: |       .      .  |
[   13.318426] cloud-init[882]: |      . .  . o   |
[   13.332270] cloud-init[882]: |. o. ..oS . *    |
[   13.333714] cloud-init[882]: |oE+...+o.+.+ B . |
[   13.334970] cloud-init[882]: |.++o.+  B= o=.=  |
[   13.336514] cloud-init[882]: | o..  o.*oo +o o |
[   13.344169] cloud-init[882]: |.   .. oo=. .o. .|
[   13.347431] cloud-init[882]: +----[SHA256]-----+
[   13.350112] cloud-init[882]: Generating public/private ed25519 key pair.
[   13.353223] cloud-init[882]: Your identification has been saved in /etc/ssh/ssh_host_ed25519_key.
[   13.356693] cloud-init[882]: Your public key has been saved in /etc/ssh/ssh_host_ed25519_key.pub.
[   13.362500] cloud-init[882]: The key fingerprint is:
[   13.367421] cloud-init[882]: SHA256:EKmmVhwwKYpSxKJE9CA/Wtti/PADB09lKTo0N9IQIQo root@ubuntu-bionic
[   13.369769] cloud-init[882]: The key's randomart image is:
[   13.372157] cloud-init[882]: +--[ED25519 256]--+
[   13.382895] cloud-init[882]: |E*BB  +o         |
[   13.384135] cloud-init[882]: |*+X.*oo.         |
[   13.386114] cloud-init[882]: |*==B.=.          |
[   13.392281] cloud-init[882]: |=+oB=  .         |
[   13.395631] cloud-init[882]: |o B=+   S        |
[   13.399028] cloud-init[882]: | .oB             |
[   13.401891] cloud-init[882]: | .  +            |
[   13.406759] cloud-init[882]: |     .           |
[   13.412108] cloud-init[882]: |                 |
[   13.419203] cloud-init[882]: +----[SHA256]-----+
[[0;32m  OK  [0m] Started Login Service.
[[0;32m  OK  [0m] Started Unattended Upgrades Shutdown.
[[0;32m  OK  [0m] Started System Logging Service.
[[0;32m  OK  [0m] Started Permit User Sessions.
         Starting Hold until boot process finishes up...
         Starting Terminate Plymouth Boot Screen...
[[0;32m  OK  [0m] Started Hold until boot process finishes up.
         Starting Set console scheme...
[[0;32m  OK  [0m] Started Serial Getty on ttyS0.
[[0;32m  OK  [0m] Started Terminate Plymouth Boot Screen.
[[0;32m  OK  [0m] Started Set console scheme.
[[0;32m  OK  [0m] Started LSB: automatic crash report generation.
[[0;32m  OK  [0m] Started LXD - container startup/shutdown.
[[0;32m  OK  [0m] Started LSB: Record successful boot for GRUB.
         Starting Authorization Manager...
[[0;32m  OK  [0m] Created slice system-getty.slice.
[[0;32m  OK  [0m] Started Getty on tty1.
[[0;32m  OK  [0m] Reached target Login Prompts.
[[0;32m  OK  [0m] Started Authorization Manager.
[[0;32m  OK  [0m] Started Accounts Service.
[[0;32m  OK  [0m] Started Virtualbox guest utils.
[[0;32m  OK  [0m] Started Dispatcher daemon for systemd-networkd.
[[0;32m  OK  [0m] Started Snap Daemon.
         Starting Wait until snapd is fully seeded...
[[0;32m  OK  [0m] Started Pollinate to seed the pseudo random number generator.
         Starting OpenBSD Secure Shell server...
[[0;32m  OK  [0m] Started OpenBSD Secure Shell server.
[[0;32m  OK  [0m] Created slice User Slice of vagrant.
         Starting User Manager for UID 1000...
[[0;32m  OK  [0m] Started Session 1 of user vagrant.
[[0;32m  OK  [0m] Started User Manager for UID 1000.

Ubuntu 18.04.5 LTS ubuntu-bionic ttyS0

ubuntu-bionic login: [   20.729518] cloud-init[1612]: Cloud-init v. 20.2-45-g5f7825e2-0ubuntu1~18.04.1 running 'modules:config' at Mon, 07 Jun 2021 17:31:49 +0000. Up 20.16 seconds.
ci-info: no authorized SSH keys fingerprints found for user ubuntu.
<14>Jun  7 17:31:50 ec2: 
<14>Jun  7 17:31:50 ec2: #############################################################
<14>Jun  7 17:31:50 ec2: -----BEGIN SSH HOST KEY FINGERPRINTS-----
<14>Jun  7 17:31:50 ec2: 1024 SHA256:nWoYKazcZNdNlP8Bm9qxwi0elc+hVarwfUyALYoVTL4 root@ubuntu-bionic (DSA)
<14>Jun  7 17:31:50 ec2: 256 SHA256:nvVMG6X8ybD3iDMJ+pYoRK3Wa7kbOQbqB2K5MMaHa5E root@ubuntu-bionic (ECDSA)
<14>Jun  7 17:31:50 ec2: 256 SHA256:EKmmVhwwKYpSxKJE9CA/Wtti/PADB09lKTo0N9IQIQo root@ubuntu-bionic (ED25519)
<14>Jun  7 17:31:50 ec2: 2048 SHA256:PrX0WFD7AaIykX8fAO4FpfCepqHJ3eok50uZCC+NOY4 root@ubuntu-bionic (RSA)
<14>Jun  7 17:31:50 ec2: -----END SSH HOST KEY FINGERPRINTS-----
<14>Jun  7 17:31:50 ec2: #############################################################
-----BEGIN SSH HOST KEY KEYS-----
ecdsa-sha2-nistp256 AAAAE2VjZHNhLXNoYTItbmlzdHAyNTYAAAAIbmlzdHAyNTYAAABBBIrVgu1TCT9NsYNT/M6hU++GTF+19i815CP8KNDZ8Kmz2BOxHwtV7sekGaOexRLByl77vxHCAvcFg/AAcKr0400= root@ubuntu-bionic
ssh-ed25519 AAAAC3NzaC1lZDI1NTE5AAAAIHUhpkSn1UY6flUPW2/GCYtYS2b0nkh7GU0ybUvJS/Zm root@ubuntu-bionic
ssh-rsa AAAAB3NzaC1yc2EAAAADAQABAAABAQDOb+AYYnGerXcO1k/QzU2OnSa3sUAQ3Kg0ys1IHIU1BbdhQLnl+iyWIgFU8dGLLdRT5vkGjdk7i9trnJmjUAvDzVRTrEPz9mTTddxOq1a85OucQYlDV08SSnd/86C6zQ/He8QPpe26K2oUhCwQwQ4K9RMQU1krJSRyKAGuD5reTJvkSGjwoLAyiwgT1xVwhdKt9kB3mi7UAg3AsgS0Ia+YmNix5gDxcXpcpM24pM51DV/YgBf1c9wjUav/3LhiP2Qc9tvyhZLnYEQ8FbiT35KEvwHYLu4buB05m1dfAsMVJph9/WYsXw66QhsqL4NNMkTx6fv+8SVzLPghhzCdg97V root@ubuntu-bionic
-----END SSH HOST KEY KEYS-----
[   21.514596] cloud-init[1725]: Cloud-init v. 20.2-45-g5f7825e2-0ubuntu1~18.04.1 running 'modules:final' at Mon, 07 Jun 2021 17:31:50 +0000. Up 21.35 seconds.
[   21.517479] cloud-init[1725]: ci-info: no authorized SSH keys fingerprints found for user ubuntu.
[   21.524099] cloud-init[1725]: Cloud-init v. 20.2-45-g5f7825e2-0ubuntu1~18.04.1 finished at Mon, 07 Jun 2021 17:31:50 +0000. Datasource DataSourceNoCloud [seed=/dev/sdb][dsmode=net].  Up 21.50 seconds
